<?xml version="1.0" encoding="UTF-8"?>
<testsuite xmlns:xsi="http://www.w3.org/2001/XMLSchema-instance" xsi:noNamespaceSchemaLocation="https://maven.apache.org/surefire/maven-surefire-plugin/xsd/surefire-test-report.xsd" name="PrincipalTest" time="0.574" tests="13" errors="0" skipped="0" failures="0">
  <properties>
    <property name="java.specification.version" value="16"/>
    <property name="sun.cpu.isalist" value="amd64"/>
    <property name="sun.jnu.encoding" value="Cp1252"/>
    <property name="java.class.path" value="C:\Users\danjo\Desktop\se\practica-calificada-2-djsg2021utec\target\test-classes;C:\Users\danjo\Desktop\se\practica-calificada-2-djsg2021utec\target\classes;C:\Users\danjo\.m2\repository\org\testng\testng\7.4.0\testng-7.4.0.jar;C:\Users\danjo\.m2\repository\com\beust\jcommander\1.78\jcommander-1.78.jar;C:\Users\danjo\.m2\repository\org\webjars\jquery\3.5.1\jquery-3.5.1.jar;"/>
    <property name="java.vm.vendor" value="Oracle Corporation"/>
    <property name="sun.arch.data.model" value="64"/>
    <property name="user.variant" value=""/>
    <property name="java.vendor.url" value="https://java.oracle.com/"/>
    <property name="user.timezone" value="America/Lima"/>
    <property name="os.name" value="Windows 10"/>
    <property name="java.vm.specification.version" value="16"/>
    <property name="sun.java.launcher" value="SUN_STANDARD"/>
    <property name="user.country" value="PE"/>
    <property name="sun.boot.library.path" value="C:\Program Files\Java\jdk-16.0.2\bin"/>
    <property name="sun.java.command" value="C:\Users\danjo\AppData\Local\Temp\surefire12907769630579916233\surefirebooter12716776079992396461.jar C:\Users\danjo\AppData\Local\Temp\surefire12907769630579916233 2021-12-15T22-34-26_716-jvmRun1 surefire5866282660040871576tmp surefire_015504091902753526854tmp"/>
    <property name="jdk.debug" value="release"/>
    <property name="surefire.test.class.path" value="C:\Users\danjo\Desktop\se\practica-calificada-2-djsg2021utec\target\test-classes;C:\Users\danjo\Desktop\se\practica-calificada-2-djsg2021utec\target\classes;C:\Users\danjo\.m2\repository\org\testng\testng\7.4.0\testng-7.4.0.jar;C:\Users\danjo\.m2\repository\com\beust\jcommander\1.78\jcommander-1.78.jar;C:\Users\danjo\.m2\repository\org\webjars\jquery\3.5.1\jquery-3.5.1.jar;"/>
    <property name="sun.cpu.endian" value="little"/>
    <property name="user.home" value="C:\Users\danjo"/>
    <property name="user.language" value="es"/>
    <property name="java.specification.vendor" value="Oracle Corporation"/>
    <property name="java.version.date" value="2021-07-20"/>
    <property name="java.home" value="C:\Program Files\Java\jdk-16.0.2"/>
    <property name="file.separator" value="\"/>
    <property name="basedir" value="C:\Users\danjo\Desktop\se\practica-calificada-2-djsg2021utec"/>
    <property name="java.vm.compressedOopsMode" value="Zero based"/>
    <property name="line.separator" value="&#10;"/>
    <property name="java.vm.specification.vendor" value="Oracle Corporation"/>
    <property name="java.specification.name" value="Java Platform API Specification"/>
    <property name="surefire.real.class.path" value="C:\Users\danjo\AppData\Local\Temp\surefire12907769630579916233\surefirebooter12716776079992396461.jar"/>
    <property name="user.script" value=""/>
    <property name="sun.management.compiler" value="HotSpot 64-Bit Tiered Compilers"/>
    <property name="java.runtime.version" value="16.0.2+7-67"/>
    <property name="user.name" value="danjo"/>
    <property name="path.separator" value=";"/>
    <property name="os.version" value="10.0"/>
    <property name="java.runtime.name" value="Java(TM) SE Runtime Environment"/>
    <property name="file.encoding" value="Cp1252"/>
    <property name="java.vm.name" value="Java HotSpot(TM) 64-Bit Server VM"/>
    <property name="localRepository" value="C:\Users\danjo\.m2\repository"/>
    <property name="java.vendor.url.bug" value="https://bugreport.java.com/bugreport/"/>
    <property name="java.io.tmpdir" value="C:\Users\danjo\AppData\Local\Temp\"/>
    <property name="java.version" value="16.0.2"/>
    <property name="user.dir" value="C:\Users\danjo\Desktop\se\practica-calificada-2-djsg2021utec"/>
    <property name="os.arch" value="amd64"/>
    <property name="java.vm.specification.name" value="Java Virtual Machine Specification"/>
    <property name="sun.os.patch.level" value=""/>
    <property name="java.library.path" value="C:\Program Files\Java\jdk-16.0.2\bin;C:\WINDOWS\Sun\Java\bin;C:\WINDOWS\system32;C:\WINDOWS;C:\Program Files\Common Files\Oracle\Java\javapath;C:\Program Files (x86)\Common Files\Intel\Shared Libraries\redist\intel64\compiler;C:\Program Files\PhreePlot;C:\WINDOWS\system32;C:\WINDOWS;C:\WINDOWS\System32\Wbem;C:\WINDOWS\System32\WindowsPowerShell\v1.0\;C:\WINDOWS\System32\OpenSSH\;C:\Program Files\Microsoft SQL Server\120\Tools\Binn\;C:\Program Files\MiKTeX\miktex\bin\x64\;C:\Strawberry\c\bin;C:\Strawberry\perl\site\bin;C:\Strawberry\perl\bin;C:\Program Files\Git\cmd;C:\Program Files\Git\mingw64\bin;C:\Program Files\Git\usr\bin;C:\MinGW\bin;C:\Program Files\Java\jdk-16.0.2\bin;C:\apache-maven-3.8.2\\bin;C:\Program Files\nodejs\;C:\Ruby27-x64\bin;C:\Users\danjo\AppData\Local\Microsoft\WindowsApps;C:\Users\danjo\AppData\Local\Programs\Microsoft VS Code\bin;C:\Users\danjo\AppData\Local\Packages\PythonSoftwareFoundation.Python.3.8_qbz5n2kfra8p0\LocalCache\local-packages\Python38\Scripts;C:\Users\ACER\AppData\Local\GitHubDesktop\bin;C:\Program Files\JetBrains\IntelliJ IDEA Community Edition 2021.2.1\bin;C:\Users\danjo\AppData\Roaming\npm;."/>
    <property name="java.vm.info" value="mixed mode, sharing"/>
    <property name="java.vendor" value="Oracle Corporation"/>
    <property name="java.vm.version" value="16.0.2+7-67"/>
    <property name="sun.io.unicode.encoding" value="UnicodeLittle"/>
    <property name="java.class.version" value="60.0"/>
  </properties>
  <testcase name="calculate_average_grade_given_different_exam_grades_and_attending_the_minimum_classes" classname="PrincipalTest" time="0.013"/>
  <testcase name="calculate_same_grade_given_one_single_exam_and_attending_the_minimum_classes" classname="PrincipalTest" time="0"/>
  <testcase name="fail_given_different_exam_grades_but_not_attending_the_minimum_classes" classname="PrincipalTest" time="0"/>
  <testcase name="fail_given_odd_exam_grades_but_attending_the_minimum_classes" classname="PrincipalTest" time="0"/>
  <testcase name="fail_given_one_single_exam_but_not_attending_the_minimum_classes" classname="PrincipalTest" time="0"/>
  <testcase name="fail_given_there_are_no_exams" classname="PrincipalTest" time="0"/>
  <testcase name="fail_when_there_are_no_exams_and_has_not_attended_the_minimum_classes" classname="PrincipalTest" time="0"/>
  <testcase name="increase_one_extra_point_if_there_is_any_benevolent_teacher_in_the_year_to_calculate_grades" classname="PrincipalTest" time="0"/>
  <testcase name="maintain_10_as_the_maximum_grade_even_if_increasing_one_extra_point" classname="PrincipalTest" time="0"/>
  <testcase name="not_increase_one_extra_point_if_there_is_not_any_benevolent_teacher_in_the_year_to_calculate_grades" classname="PrincipalTest" time="0"/>
  <testcase name="round_up_to_2_decimals_given_odd_exam_grades_and_attending_the_minimum_classes" classname="PrincipalTest" time="0"/>
  <testcase name="validate_all_exam_grades_weight_below_100" classname="PrincipalTest" time="0"/>
  <testcase name="validate_all_exam_grades_weight_over_100" classname="PrincipalTest" time="0"/>
</testsuite>